# JRE version: OpenJDK Runtime Environment Temurin-21.0.10+7 (21.0.10+7) (build 21.0.10+7-LTS)
# Java VM: OpenJDK 64-Bit Server VM Temurin-21.0.10+7 (21.0.10+7-LTS, mixed mode, sharing, tiered, compressed oops, compressed class ptrs, parallel gc, windows-amd64)
GC Precious Log:
 CardTable entry size: 512
 CPUs: 4 total, 4 available
 Memory: 16303M
 Large Page Support: Disabled
 NUMA Support: Disabled
 Compressed Oops: Enabled (32-bit)
 Alignments: Space 512K, Generation 512K, Heap 2M
 Heap Min Capacity: 100M
 Heap Initial Capacity: 100M
 Heap Max Capacity: 2G
 Pre-touch: Disabled
 Parallel Workers: 4
Heap:
 PSYoungGen      total 12800K, used 5669K [0x00000000d5580000, 0x00000000d6a00000, 0x0000000100000000)
  eden space 12288K, 42% used [0x00000000d5580000,0x00000000d5a8f088,0x00000000d6180000)
  from space 512K, 95% used [0x00000000d6980000,0x00000000d69fa458,0x00000000d6a00000)
  to   space 1536K, 0% used [0x00000000d6700000,0x00000000d6700000,0x00000000d6880000)
 ParOldGen       total 68608K, used 34460K [0x0000000080000000, 0x0000000084300000, 0x00000000d5580000)
  object space 68608K, 50% used [0x0000000080000000,0x00000000821a7228,0x0000000084300000)
 Metaspace       used 48707K, committed 50112K, reserved 1114112K
  class space    used 5280K, committed 5888K, reserved 1048576K
GC Heap History (20 events):
Event: 11.301 GC heap before
{Heap before GC invocations=14 (full 1):
 PSYoungGen      total 24064K, used 15275K [0x00000000d5580000, 0x00000000d7200000, 0x0000000100000000)
  eden space 22016K, 60% used [0x00000000d5580000,0x00000000d62982b0,0x00000000d6b00000)
  from space 2048K, 91% used [0x00000000d7000000,0x00000000d71d29c8,0x00000000d7200000)
  to   space 2048K, 0% used [0x00000000d6e00000,0x00000000d6e00000,0x00000000d7000000)
 ParOldGen       total 68608K, used 18552K [0x0000000080000000, 0x0000000084300000, 0x00000000d5580000)
  object space 68608K, 27% used [0x0000000080000000,0x000000008121e2a0,0x0000000084300000)
 Metaspace       used 34702K, committed 35840K, reserved 1114112K
  class space    used 3608K, committed 4096K, reserved 1048576K
}
Event: 11.303 GC heap after
{Heap after GC invocations=14 (full 1):
 PSYoungGen      total 22528K, used 368K [0x00000000d5580000, 0x00000000d7080000, 0x0000000100000000)
  eden space 22016K, 0% used [0x00000000d5580000,0x00000000d5580000,0x00000000d6b00000)
  from space 512K, 71% used [0x00000000d6e00000,0x00000000d6e5c010,0x00000000d6e80000)
  to   space 1024K, 0% used [0x00000000d6f80000,0x00000000d6f80000,0x00000000d7080000)
 ParOldGen       total 68608K, used 20214K [0x0000000080000000, 0x0000000084300000, 0x00000000d5580000)
  object space 68608K, 29% used [0x0000000080000000,0x00000000813bd958,0x0000000084300000)
 Metaspace       used 34702K, committed 35840K, reserved 1114112K
  class space    used 3608K, committed 4096K, reserved 1048576K
}
Event: 11.303 GC heap before
{Heap before GC invocations=15 (full 2):
 PSYoungGen      total 22528K, used 368K [0x00000000d5580000, 0x00000000d7080000, 0x0000000100000000)
  eden space 22016K, 0% used [0x00000000d5580000,0x00000000d5580000,0x00000000d6b00000)
  from space 512K, 71% used [0x00000000d6e00000,0x00000000d6e5c010,0x00000000d6e80000)
  to   space 1024K, 0% used [0x00000000d6f80000,0x00000000d6f80000,0x00000000d7080000)
 ParOldGen       total 68608K, used 20214K [0x0000000080000000, 0x0000000084300000, 0x00000000d5580000)
  object space 68608K, 29% used [0x0000000080000000,0x00000000813bd958,0x0000000084300000)
 Metaspace       used 34702K, committed 35840K, reserved 1114112K
  class space    used 3608K, committed 4096K, reserved 1048576K
}
Event: 11.355 GC heap after
{Heap after GC invocations=15 (full 2):
 PSYoungGen      total 22528K, used 0K [0x00000000d5580000, 0x00000000d7080000, 0x0000000100000000)
  eden space 22016K, 0% used [0x00000000d5580000,0x00000000d5580000,0x00000000d6b00000)
  from space 512K, 0% used [0x00000000d6e00000,0x00000000d6e00000,0x00000000d6e80000)
  to   space 1024K, 0% used [0x00000000d6f80000,0x00000000d6f80000,0x00000000d7080000)
 ParOldGen       total 68608K, used 19725K [0x0000000080000000, 0x0000000084300000, 0x00000000d5580000)
  object space 68608K, 28% used [0x0000000080000000,0x0000000081343448,0x0000000084300000)
 Metaspace       used 34702K, committed 35840K, reserved 1114112K
  class space    used 3608K, committed 4096K, reserved 1048576K
}
Event: 11.762 GC heap before
{Heap before GC invocations=16 (full 2):
 PSYoungGen      total 22528K, used 22002K [0x00000000d5580000, 0x00000000d7080000, 0x0000000100000000)
  eden space 22016K, 99% used [0x00000000d5580000,0x00000000d6afcb18,0x00000000d6b00000)
  from space 512K, 0% used [0x00000000d6e00000,0x00000000d6e00000,0x00000000d6e80000)
  to   space 1024K, 0% used [0x00000000d6f80000,0x00000000d6f80000,0x00000000d7080000)
 ParOldGen       total 68608K, used 19725K [0x0000000080000000, 0x0000000084300000, 0x00000000d5580000)
  object space 68608K, 28% used [0x0000000080000000,0x0000000081343448,0x0000000084300000)
 Metaspace       used 36955K, committed 38144K, reserved 1114112K
  class space    used 3885K, committed 4416K, reserved 1048576K
}
Event: 11.764 GC heap after
{Heap after GC invocations=16 (full 2):
 PSYoungGen      total 23040K, used 981K [0x00000000d5580000, 0x00000000d7080000, 0x0000000100000000)
  eden space 22016K, 0% used [0x00000000d5580000,0x00000000d5580000,0x00000000d6b00000)
  from space 1024K, 95% used [0x00000000d6f80000,0x00000000d7075788,0x00000000d7080000)
  to   space 1536K, 0% used [0x00000000d6d80000,0x00000000d6d80000,0x00000000d6f00000)
 ParOldGen       total 68608K, used 19733K [0x0000000080000000, 0x0000000084300000, 0x00000000d5580000)
  object space 68608K, 28% used [0x0000000080000000,0x0000000081345448,0x0000000084300000)
 Metaspace       used 36955K, committed 38144K, reserved 1114112K
  class space    used 3885K, committed 4416K, reserved 1048576K
}
Event: 12.345 GC heap before
{Heap before GC invocations=17 (full 2):
 PSYoungGen      total 23040K, used 22997K [0x00000000d5580000, 0x00000000d7080000, 0x0000000100000000)
  eden space 22016K, 100% used [0x00000000d5580000,0x00000000d6b00000,0x00000000d6b00000)
  from space 1024K, 95% used [0x00000000d6f80000,0x00000000d7075788,0x00000000d7080000)
  to   space 1536K, 0% used [0x00000000d6d80000,0x00000000d6d80000,0x00000000d6f00000)
 ParOldGen       total 68608K, used 19733K [0x0000000080000000, 0x0000000084300000, 0x00000000d5580000)
  object space 68608K, 28% used [0x0000000080000000,0x0000000081345448,0x0000000084300000)
 Metaspace       used 38795K, committed 40064K, reserved 1114112K
  class space    used 4105K, committed 4672K, reserved 1048576K
}
Event: 12.349 GC heap after
{Heap after GC invocations=17 (full 2):
 PSYoungGen      total 23552K, used 1296K [0x00000000d5580000, 0x00000000d7000000, 0x0000000100000000)
  eden space 22016K, 0% used [0x00000000d5580000,0x00000000d5580000,0x00000000d6b00000)
  from space 1536K, 84% used [0x00000000d6d80000,0x00000000d6ec4010,0x00000000d6f00000)
  to   space 1024K, 0% used [0x00000000d6f00000,0x00000000d6f00000,0x00000000d7000000)
 ParOldGen       total 68608K, used 20433K [0x0000000080000000, 0x0000000084300000, 0x00000000d5580000)
  object space 68608K, 29% used [0x0000000080000000,0x00000000813f4730,0x0000000084300000)
 Metaspace       used 38795K, committed 40064K, reserved 1114112K
  class space    used 4105K, committed 4672K, reserved 1048576K
}
Event: 13.284 GC heap before
{Heap before GC invocations=18 (full 2):
 PSYoungGen      total 23552K, used 23312K [0x00000000d5580000, 0x00000000d7000000, 0x0000000100000000)
  eden space 22016K, 100% used [0x00000000d5580000,0x00000000d6b00000,0x00000000d6b00000)
  from space 1536K, 84% used [0x00000000d6d80000,0x00000000d6ec4010,0x00000000d6f00000)
  to   space 1024K, 0% used [0x00000000d6f00000,0x00000000d6f00000,0x00000000d7000000)
 ParOldGen       total 68608K, used 20433K [0x0000000080000000, 0x0000000084300000, 0x00000000d5580000)
  object space 68608K, 29% used [0x0000000080000000,0x00000000813f4730,0x0000000084300000)
 Metaspace       used 41141K, committed 42368K, reserved 1114112K
  class space    used 4392K, committed 4928K, reserved 1048576K
}
Event: 13.290 GC heap after
{Heap after GC invocations=18 (full 2):
 PSYoungGen      total 23040K, used 1019K [0x00000000d5580000, 0x00000000d7000000, 0x0000000100000000)
  eden space 22016K, 0% used [0x00000000d5580000,0x00000000d5580000,0x00000000d6b00000)
  from space 1024K, 99% used [0x00000000d6f00000,0x00000000d6ffec40,0x00000000d7000000)
  to   space 2560K, 0% used [0x00000000d6b00000,0x00000000d6b00000,0x00000000d6d80000)
 ParOldGen       total 68608K, used 21634K [0x0000000080000000, 0x0000000084300000, 0x00000000d5580000)
  object space 68608K, 31% used [0x0000000080000000,0x0000000081520b30,0x0000000084300000)
 Metaspace       used 41141K, committed 42368K, reserved 1114112K
  class space    used 4392K, committed 4928K, reserved 1048576K
}
Event: 13.928 GC heap before
{Heap before GC invocations=19 (full 2):
 PSYoungGen      total 23040K, used 23035K [0x00000000d5580000, 0x00000000d7000000, 0x0000000100000000)
  eden space 22016K, 100% used [0x00000000d5580000,0x00000000d6b00000,0x00000000d6b00000)
  from space 1024K, 99% used [0x00000000d6f00000,0x00000000d6ffec40,0x00000000d7000000)
  to   space 2560K, 0% used [0x00000000d6b00000,0x00000000d6b00000,0x00000000d6d80000)
 ParOldGen       total 68608K, used 21634K [0x0000000080000000, 0x0000000084300000, 0x00000000d5580000)
  object space 68608K, 31% used [0x0000000080000000,0x0000000081520b30,0x0000000084300000)
 Metaspace       used 43508K, committed 44800K, reserved 1114112K
  class space    used 4681K, committed 5248K, reserved 1048576K
}
Event: 13.932 GC heap after
{Heap after GC invocations=19 (full 2):
 PSYoungGen      total 24576K, used 1888K [0x00000000d5580000, 0x00000000d6f80000, 0x0000000100000000)
  eden space 22016K, 0% used [0x00000000d5580000,0x00000000d5580000,0x00000000d6b00000)
  from space 2560K, 73% used [0x00000000d6b00000,0x00000000d6cd8000,0x00000000d6d80000)
  to   space 2048K, 0% used [0x00000000d6d80000,0x00000000d6d80000,0x00000000d6f80000)
 ParOldGen       total 68608K, used 22546K [0x0000000080000000, 0x0000000084300000, 0x00000000d5580000)
  object space 68608K, 32% used [0x0000000080000000,0x0000000081604b30,0x0000000084300000)
 Metaspace       used 43508K, committed 44800K, reserved 1114112K
  class space    used 4681K, committed 5248K, reserved 1048576K
}
Event: 14.595 GC heap before
{Heap before GC invocations=20 (full 2):
 PSYoungGen      total 24576K, used 23904K [0x00000000d5580000, 0x00000000d6f80000, 0x0000000100000000)
  eden space 22016K, 100% used [0x00000000d5580000,0x00000000d6b00000,0x00000000d6b00000)
  from space 2560K, 73% used [0x00000000d6b00000,0x00000000d6cd8000,0x00000000d6d80000)
  to   space 2048K, 0% used [0x00000000d6d80000,0x00000000d6d80000,0x00000000d6f80000)
 ParOldGen       total 68608K, used 22546K [0x0000000080000000, 0x0000000084300000, 0x00000000d5580000)
  object space 68608K, 32% used [0x0000000080000000,0x0000000081604b30,0x0000000084300000)
 Metaspace       used 44698K, committed 45952K, reserved 1114112K
  class space    used 4856K, committed 5440K, reserved 1048576K
}
Event: 14.608 GC heap after
{Heap after GC invocations=20 (full 2):
 PSYoungGen      total 14336K, used 2020K [0x00000000d5580000, 0x00000000d8300000, 0x0000000100000000)
  eden space 12288K, 0% used [0x00000000d5580000,0x00000000d5580000,0x00000000d6180000)
  from space 2048K, 98% used [0x00000000d6d80000,0x00000000d6f79170,0x00000000d6f80000)
  to   space 12288K, 0% used [0x00000000d6180000,0x00000000d6180000,0x00000000d6d80000)
 ParOldGen       total 68608K, used 30862K [0x0000000080000000, 0x0000000084300000, 0x00000000d5580000)
  object space 68608K, 44% used [0x0000000080000000,0x0000000081e23b30,0x0000000084300000)
 Metaspace       used 44698K, committed 45952K, reserved 1114112K
  class space    used 4856K, committed 5440K, reserved 1048576K
}
Event: 15.092 GC heap before
{Heap before GC invocations=21 (full 2):
 PSYoungGen      total 14336K, used 14308K [0x00000000d5580000, 0x00000000d8300000, 0x0000000100000000)
  eden space 12288K, 100% used [0x00000000d5580000,0x00000000d6180000,0x00000000d6180000)
  from space 2048K, 98% used [0x00000000d6d80000,0x00000000d6f79170,0x00000000d6f80000)
  to   space 12288K, 0% used [0x00000000d6180000,0x00000000d6180000,0x00000000d6d80000)
 ParOldGen       total 68608K, used 30862K [0x0000000080000000, 0x0000000084300000, 0x00000000d5580000)
  object space 68608K, 44% used [0x0000000080000000,0x0000000081e23b30,0x0000000084300000)
 Metaspace       used 45840K, committed 47104K, reserved 1114112K
  class space    used 4987K, committed 5568K, reserved 1048576K
}
Event: 15.098 GC heap after
{Heap after GC invocations=21 (full 2):
 PSYoungGen      total 13312K, used 672K [0x00000000d5580000, 0x00000000d6e00000, 0x0000000100000000)
  eden space 12288K, 0% used [0x00000000d5580000,0x00000000d5580000,0x00000000d6180000)
  from space 1024K, 65% used [0x00000000d6180000,0x00000000d6228000,0x00000000d6280000)
  to   space 4608K, 0% used [0x00000000d6980000,0x00000000d6980000,0x00000000d6e00000)
 ParOldGen       total 68608K, used 32863K [0x0000000080000000, 0x0000000084300000, 0x00000000d5580000)
  object space 68608K, 47% used [0x0000000080000000,0x0000000082017d20,0x0000000084300000)
 Metaspace       used 45840K, committed 47104K, reserved 1114112K
  class space    used 4987K, committed 5568K, reserved 1048576K
}
Event: 15.754 GC heap before
{Heap before GC invocations=22 (full 2):
 PSYoungGen      total 13312K, used 12959K [0x00000000d5580000, 0x00000000d6e00000, 0x0000000100000000)
  eden space 12288K, 99% used [0x00000000d5580000,0x00000000d617ffb0,0x00000000d6180000)
  from space 1024K, 65% used [0x00000000d6180000,0x00000000d6228000,0x00000000d6280000)
  to   space 4608K, 0% used [0x00000000d6980000,0x00000000d6980000,0x00000000d6e00000)
 ParOldGen       total 68608K, used 32863K [0x0000000080000000, 0x0000000084300000, 0x00000000d5580000)
  object space 68608K, 47% used [0x0000000080000000,0x0000000082017d20,0x0000000084300000)
 Metaspace       used 47011K, committed 48256K, reserved 1114112K
  class space    used 5111K, committed 5632K, reserved 1048576K
}
Event: 15.758 GC heap after
{Heap after GC invocations=22 (full 2):
 PSYoungGen      total 13312K, used 603K [0x00000000d5580000, 0x00000000d6a80000, 0x0000000100000000)
  eden space 12288K, 0% used [0x00000000d5580000,0x00000000d5580000,0x00000000d6180000)
  from space 1024K, 58% used [0x00000000d6980000,0x00000000d6a16ea8,0x00000000d6a80000)
  to   space 1536K, 0% used [0x00000000d6780000,0x00000000d6780000,0x00000000d6900000)
 ParOldGen       total 68608K, used 33407K [0x0000000080000000, 0x0000000084300000, 0x00000000d5580000)
  object space 68608K, 48% used [0x0000000080000000,0x000000008209fd20,0x0000000084300000)
 Metaspace       used 47011K, committed 48256K, reserved 1114112K
  class space    used 5111K, committed 5632K, reserved 1048576K
}
Event: 16.240 GC heap before
{Heap before GC invocations=23 (full 2):
 PSYoungGen      total 13312K, used 12891K [0x00000000d5580000, 0x00000000d6a80000, 0x0000000100000000)
  eden space 12288K, 100% used [0x00000000d5580000,0x00000000d6180000,0x00000000d6180000)
  from space 1024K, 58% used [0x00000000d6980000,0x00000000d6a16ea8,0x00000000d6a80000)
  to   space 1536K, 0% used [0x00000000d6780000,0x00000000d6780000,0x00000000d6900000)
 ParOldGen       total 68608K, used 33407K [0x0000000080000000, 0x0000000084300000, 0x00000000d5580000)
  object space 68608K, 48% used [0x0000000080000000,0x000000008209fd20,0x0000000084300000)
 Metaspace       used 47089K, committed 48320K, reserved 1114112K
  class space    used 5119K, committed 5632K, reserved 1048576K
}
Event: 16.242 GC heap after
{Heap after GC invocations=23 (full 2):
 PSYoungGen      total 13824K, used 320K [0x00000000d5580000, 0x00000000d6a00000, 0x0000000100000000)
  eden space 12288K, 0% used [0x00000000d5580000,0x00000000d5580000,0x00000000d6180000)
  from space 1536K, 20% used [0x00000000d6780000,0x00000000d67d0000,0x00000000d6900000)
  to   space 512K, 0% used [0x00000000d6980000,0x00000000d6980000,0x00000000d6a00000)
 ParOldGen       total 68608K, used 33945K [0x0000000080000000, 0x0000000084300000, 0x00000000d5580000)
  object space 68608K, 49% used [0x0000000080000000,0x00000000821265c0,0x0000000084300000)
 Metaspace       used 47089K, committed 48320K, reserved 1114112K
  class space    used 5119K, committed 5632K, reserved 1048576K
}

